<?xml version="1.0" encoding="UTF-8"?>
<!-- Generated by org.testng.reporters.JUnitReportReporter -->
<testsuite hostname="PM" failures="0" tests="1" name="projectEx.Example1" time="0.037" errors="0" timestamp="2023-01-24T22:58:40 IST" skipped="0">
  <testcase classname="projectEx.Example1" name="test" time="0.037"/>
  <system-out/>
</testsuite> <!-- projectEx.Example1 -->
