<?xml version="1.0" encoding="UTF-8"?>
<!-- Generated by org.testng.reporters.JUnitReportReporter -->
<testsuite hostname="PM" failures="0" tests="1" name="com.zohocrm.test.HomePage" time="1.515" errors="0" timestamp="2023-01-30T21:27:58 IST" skipped="0">
  <testcase classname="com.zohocrm.test.HomePage" name="homePage" time="1.515"/>
  <system-out>
    <![CDATA[homePage]]>
  </system-out>
</testsuite> <!-- com.zohocrm.test.HomePage -->
