<?xml version="1.0" encoding="UTF-8"?>
<!-- Generated by org.testng.reporters.JUnitReportReporter -->
<testsuite hostname="PM" failures="0" tests="1" name="DemoCrm" time="11.089" errors="0" timestamp="2023-01-30T21:17:25 IST" skipped="0">
  <testcase classname="DemoCrm" name="login" time="11.089"/>
  <system-out/>
</testsuite> <!-- DemoCrm -->
