<?xml version="1.0" encoding="UTF-8"?>
<!-- Generated by org.testng.reporters.JUnitReportReporter -->
<testsuite hostname="PM" failures="0" tests="2" name="com.zohocrm.test.TestCrmPage" time="22.170" errors="0" timestamp="2023-01-31T10:47:26 IST" skipped="0">
  <testcase classname="com.zohocrm.test.TestCrmPage" name="homePage" time="11.323"/>
  <system-out>
    <![CDATA[homePage]]>
  </system-out>
  <testcase classname="com.zohocrm.test.TestCrmPage" name="leadsPage" time="10.847"/>
  <system-out>
    <![CDATA[leadsPage]]>
  </system-out>
</testsuite> <!-- com.zohocrm.test.TestCrmPage -->
